{"C:\\Users\\douglas.ferreira6\\Desktop\\UC11\\teste-unitarios-gerenciador-de-tarefas-js\\gerenciador-de-tarefas.js": {"path":"C:\\Users\\douglas.ferreira6\\Desktop\\UC11\\teste-unitarios-gerenciador-de-tarefas-js\\gerenciador-de-tarefas.js","statementMap":{"0":{"start":{"line":1,"column":12},"end":{"line":1,"column":14}},"1":{"start":{"line":2,"column":16},"end":{"line":2,"column":17}},"2":{"start":{"line":5,"column":4},"end":{"line":7,"column":5}},"3":{"start":{"line":6,"column":8},"end":{"line":6,"column":20}},"4":{"start":{"line":8,"column":17},"end":{"line":13,"column":5}},"5":{"start":{"line":14,"column":4},"end":{"line":14,"column":21}},"6":{"start":{"line":15,"column":4},"end":{"line":15,"column":16}},"7":{"start":{"line":19,"column":4},"end":{"line":19,"column":49}},"8":{"start":{"line":19,"column":33},"end":{"line":19,"column":47}},"9":{"start":{"line":23,"column":17},"end":{"line":23,"column":51}},"10":{"start":{"line":23,"column":36},"end":{"line":23,"column":50}},"11":{"start":{"line":24,"column":4},"end":{"line":26,"column":5}},"12":{"start":{"line":25,"column":8},"end":{"line":25,"column":30}},"13":{"start":{"line":30,"column":4},"end":{"line":30,"column":17}},"14":{"start":{"line":33,"column":0},"end":{"line":38,"column":2}}},"fnMap":{"0":{"name":"criarTarefa","decl":{"start":{"line":4,"column":9},"end":{"line":4,"column":20}},"loc":{"start":{"line":4,"column":41},"end":{"line":16,"column":1}},"line":4},"1":{"name":"removerTarefa","decl":{"start":{"line":18,"column":9},"end":{"line":18,"column":22}},"loc":{"start":{"line":18,"column":27},"end":{"line":20,"column":1}},"line":18},"2":{"name":"(anonymous_2)","decl":{"start":{"line":19,"column":25},"end":{"line":19,"column":26}},"loc":{"start":{"line":19,"column":33},"end":{"line":19,"column":47}},"line":19},"3":{"name":"marcarTarefaCompleta","decl":{"start":{"line":22,"column":9},"end":{"line":22,"column":29}},"loc":{"start":{"line":22,"column":34},"end":{"line":27,"column":1}},"line":22},"4":{"name":"(anonymous_4)","decl":{"start":{"line":23,"column":28},"end":{"line":23,"column":29}},"loc":{"start":{"line":23,"column":36},"end":{"line":23,"column":50}},"line":23},"5":{"name":"listarTarefa","decl":{"start":{"line":29,"column":9},"end":{"line":29,"column":21}},"loc":{"start":{"line":29,"column":24},"end":{"line":31,"column":1}},"line":29}},"branchMap":{"0":{"loc":{"start":{"line":5,"column":4},"end":{"line":7,"column":5}},"type":"if","locations":[{"start":{"line":5,"column":4},"end":{"line":7,"column":5}},{"start":{},"end":{}}],"line":5},"1":{"loc":{"start":{"line":24,"column":4},"end":{"line":26,"column":5}},"type":"if","locations":[{"start":{"line":24,"column":4},"end":{"line":26,"column":5}},{"start":{},"end":{}}],"line":24}},"s":{"0":1,"1":1,"2":4,"3":1,"4":3,"5":3,"6":3,"7":1,"8":2,"9":1,"10":2,"11":1,"12":1,"13":1,"14":1},"f":{"0":4,"1":1,"2":2,"3":1,"4":2,"5":1},"b":{"0":[1,3],"1":[1,0]},"_coverageSchema":"1a1c01bbd47fc00a2c39e90264f33305004495a9","hash":"cb76251f5c78534278fbb36b38fcb87646029c46"}
}
